# JRE version: Java(TM) SE Runtime Environment (17.0.5+9) (build 17.0.5+9-LTS-191)
# Java VM: Java HotSpot(TM) 64-Bit Server VM (17.0.5+9-LTS-191, mixed mode, sharing, tiered, compressed oops, compressed class ptrs, g1 gc, windows-amd64)
GC Precious Log:
 CPUs: 4 total, 4 available
 Memory: 12087M
 Large Page Support: Disabled
 NUMA Support: Disabled
 Compressed Oops: Enabled (Zero based)
 Heap Region Size: 2M
 Heap Min Capacity: 8M
 Heap Initial Capacity: 190M
 Heap Max Capacity: 3022M
 Pre-touch: Disabled
 Parallel Workers: 4
 Concurrent Workers: 1
 Concurrent Refinement Workers: 4
 Periodic GC: Disabled
Heap:
 garbage-first heap   total 73728K, used 52195K [0x0000000743200000, 0x0000000800000000)
  region size 2048K, 13 young (26624K), 1 survivors (2048K)
 Metaspace       used 63216K, committed 63680K, reserved 1105920K
  class space    used 8987K, committed 9216K, reserved 1048576K
GC Heap History (20 events):
Event: 3.680 GC heap before
{Heap before GC invocations=5 (full 0):
 garbage-first heap   total 61440K, used 45494K [0x0000000743200000, 0x0000000800000000)
  region size 2048K, 21 young (43008K), 5 survivors (10240K)
 Metaspace       used 25960K, committed 26368K, reserved 1073152K
  class space    used 3380K, committed 3584K, reserved 1048576K
}
Event: 3.690 GC heap after
{Heap after GC invocations=6 (full 0):
 garbage-first heap   total 61440K, used 17002K [0x0000000743200000, 0x0000000800000000)
  region size 2048K, 5 young (10240K), 5 survivors (10240K)
 Metaspace       used 25960K, committed 26368K, reserved 1073152K
  class space    used 3380K, committed 3584K, reserved 1048576K
}
Event: 4.391 GC heap before
{Heap before GC invocations=6 (full 0):
 garbage-first heap   total 61440K, used 37482K [0x0000000743200000, 0x0000000800000000)
  region size 2048K, 16 young (32768K), 5 survivors (10240K)
 Metaspace       used 29218K, committed 29568K, reserved 1081344K
  class space    used 3877K, committed 4032K, reserved 1048576K
}
Event: 4.405 GC heap after
{Heap after GC invocations=7 (full 0):
 garbage-first heap   total 61440K, used 19463K [0x0000000743200000, 0x0000000800000000)
  region size 2048K, 2 young (4096K), 2 survivors (4096K)
 Metaspace       used 29218K, committed 29568K, reserved 1081344K
  class space    used 3877K, committed 4032K, reserved 1048576K
}
Event: 5.039 GC heap before
{Heap before GC invocations=7 (full 0):
 garbage-first heap   total 61440K, used 41991K [0x0000000743200000, 0x0000000800000000)
  region size 2048K, 13 young (26624K), 2 survivors (4096K)
 Metaspace       used 33077K, committed 33408K, reserved 1081344K
  class space    used 4441K, committed 4608K, reserved 1048576K
}
Event: 5.047 GC heap after
{Heap after GC invocations=8 (full 0):
 garbage-first heap   total 61440K, used 20408K [0x0000000743200000, 0x0000000800000000)
  region size 2048K, 1 young (2048K), 1 survivors (2048K)
 Metaspace       used 33077K, committed 33408K, reserved 1081344K
  class space    used 4441K, committed 4608K, reserved 1048576K
}
Event: 5.319 GC heap before
{Heap before GC invocations=8 (full 0):
 garbage-first heap   total 61440K, used 30648K [0x0000000743200000, 0x0000000800000000)
  region size 2048K, 7 young (14336K), 1 survivors (2048K)
 Metaspace       used 35603K, committed 35968K, reserved 1081344K
  class space    used 4709K, committed 4864K, reserved 1048576K
}
Event: 5.324 GC heap after
{Heap after GC invocations=9 (full 0):
 garbage-first heap   total 61440K, used 20847K [0x0000000743200000, 0x0000000800000000)
  region size 2048K, 2 young (4096K), 2 survivors (4096K)
 Metaspace       used 35603K, committed 35968K, reserved 1081344K
  class space    used 4709K, committed 4864K, reserved 1048576K
}
Event: 5.909 GC heap before
{Heap before GC invocations=10 (full 0):
 garbage-first heap   total 61440K, used 43375K [0x0000000743200000, 0x0000000800000000)
  region size 2048K, 14 young (28672K), 2 survivors (4096K)
 Metaspace       used 40325K, committed 40704K, reserved 1089536K
  class space    used 5481K, committed 5632K, reserved 1048576K
}
Event: 5.915 GC heap after
{Heap after GC invocations=11 (full 0):
 garbage-first heap   total 61440K, used 22535K [0x0000000743200000, 0x0000000800000000)
  region size 2048K, 2 young (4096K), 2 survivors (4096K)
 Metaspace       used 40325K, committed 40704K, reserved 1089536K
  class space    used 5481K, committed 5632K, reserved 1048576K
}
Event: 6.449 GC heap before
{Heap before GC invocations=11 (full 0):
 garbage-first heap   total 61440K, used 45063K [0x0000000743200000, 0x0000000800000000)
  region size 2048K, 13 young (26624K), 2 survivors (4096K)
 Metaspace       used 46261K, committed 46720K, reserved 1089536K
  class space    used 6337K, committed 6528K, reserved 1048576K
}
Event: 6.455 GC heap after
{Heap after GC invocations=12 (full 0):
 garbage-first heap   total 61440K, used 23284K [0x0000000743200000, 0x0000000800000000)
  region size 2048K, 2 young (4096K), 2 survivors (4096K)
 Metaspace       used 46261K, committed 46720K, reserved 1089536K
  class space    used 6337K, committed 6528K, reserved 1048576K
}
Event: 6.962 GC heap before
{Heap before GC invocations=12 (full 0):
 garbage-first heap   total 61440K, used 45812K [0x0000000743200000, 0x0000000800000000)
  region size 2048K, 13 young (26624K), 2 survivors (4096K)
 Metaspace       used 50738K, committed 51136K, reserved 1097728K
  class space    used 7117K, committed 7296K, reserved 1048576K
}
Event: 6.968 GC heap after
{Heap after GC invocations=13 (full 0):
 garbage-first heap   total 73728K, used 24187K [0x0000000743200000, 0x0000000800000000)
  region size 2048K, 1 young (2048K), 1 survivors (2048K)
 Metaspace       used 50738K, committed 51136K, reserved 1097728K
  class space    used 7117K, committed 7296K, reserved 1048576K
}
Event: 7.556 GC heap before
{Heap before GC invocations=13 (full 0):
 garbage-first heap   total 73728K, used 56955K [0x0000000743200000, 0x0000000800000000)
  region size 2048K, 17 young (34816K), 1 survivors (2048K)
 Metaspace       used 54047K, committed 54528K, reserved 1097728K
  class space    used 7557K, committed 7808K, reserved 1048576K
}
Event: 7.563 GC heap after
{Heap after GC invocations=14 (full 0):
 garbage-first heap   total 73728K, used 26216K [0x0000000743200000, 0x0000000800000000)
  region size 2048K, 2 young (4096K), 2 survivors (4096K)
 Metaspace       used 54047K, committed 54528K, reserved 1097728K
  class space    used 7557K, committed 7808K, reserved 1048576K
}
Event: 8.523 GC heap before
{Heap before GC invocations=14 (full 0):
 garbage-first heap   total 73728K, used 54888K [0x0000000743200000, 0x0000000800000000)
  region size 2048K, 17 young (34816K), 2 survivors (4096K)
 Metaspace       used 59149K, committed 59712K, reserved 1105920K
  class space    used 8375K, committed 8640K, reserved 1048576K
}
Event: 8.533 GC heap after
{Heap after GC invocations=15 (full 0):
 garbage-first heap   total 73728K, used 29165K [0x0000000743200000, 0x0000000800000000)
  region size 2048K, 3 young (6144K), 3 survivors (6144K)
 Metaspace       used 59149K, committed 59712K, reserved 1105920K
  class space    used 8375K, committed 8640K, reserved 1048576K
}
Event: 8.619 GC heap before
{Heap before GC invocations=15 (full 0):
 garbage-first heap   total 73728K, used 31213K [0x0000000743200000, 0x0000000800000000)
  region size 2048K, 5 young (10240K), 3 survivors (6144K)
 Metaspace       used 59665K, committed 60160K, reserved 1105920K
  class space    used 8453K, committed 8704K, reserved 1048576K
}
Event: 8.627 GC heap after
{Heap after GC invocations=16 (full 0):
 garbage-first heap   total 73728K, used 29667K [0x0000000743200000, 0x0000000800000000)
  region size 2048K, 1 young (2048K), 1 survivors (2048K)
 Metaspace       used 59665K, committed 60160K, reserved 1105920K
  class space    used 8453K, committed 8704K, reserved 1048576K
}

